[1.020s] DEBUG:colcon:Command line arguments: ['/usr/bin/colcon', 'list', '-p', '--base-paths', '/home/ori/Universal_Robotics_ROS2_Interface']
[1.020s] DEBUG:colcon:Parsed command line arguments: Namespace(log_base=None, log_level=None, verb_name='list', build_base='build', ignore_user_meta=False, metas=['./colcon.meta'], base_paths=['/home/ori/Universal_Robotics_ROS2_Interface'], packages_ignore=None, packages_ignore_regex=None, paths=None, packages_up_to=None, packages_up_to_regex=None, packages_above=None, packages_above_and_dependencies=None, packages_above_depth=None, packages_select_by_dep=None, packages_skip_by_dep=None, packages_skip_up_to=None, packages_select_build_failed=False, packages_skip_build_finished=False, packages_select_test_failures=False, packages_skip_test_passed=False, packages_select=None, packages_skip=None, packages_select_regex=None, packages_skip_regex=None, packages_start=None, packages_end=None, allow_overriding=[], topological_order=False, names_only=False, paths_only=True, topological_graph=False, topological_graph_dot=False, topological_graph_density=False, topological_graph_legend=False, topological_graph_dot_cluster=False, topological_graph_dot_include_skipped=False, mixin_files=None, mixin=None, verb_parser=<colcon_mixin.mixin.mixin_argument.MixinArgumentDecorator object at 0x7fb0aa3cc3a0>, verb_extension=<colcon_package_information.verb.list.ListVerb object at 0x7fb0aa3b25f0>, main=<bound method ListVerb.main of <colcon_package_information.verb.list.ListVerb object at 0x7fb0aa3b25f0>>, mixin_verb=('list',))
[1.053s] Level 1:colcon.colcon_core.package_discovery:discover_packages(colcon_meta) check parameters
[1.053s] Level 1:colcon.colcon_core.package_discovery:discover_packages(recursive) check parameters
[1.053s] Level 1:colcon.colcon_core.package_discovery:discover_packages(ignore) check parameters
[1.053s] Level 1:colcon.colcon_core.package_discovery:discover_packages(path) check parameters
[1.053s] Level 1:colcon.colcon_core.package_discovery:discover_packages(recursive) discover
[1.053s] INFO:colcon.colcon_core.package_discovery:Crawling recursively for packages in '/home/ori/Universal_Robotics_ROS2_Interface'
[1.053s] Level 1:colcon.colcon_core.package_identification:_identify(/home/ori/Universal_Robotics_ROS2_Interface) by extensions ['ignore', 'ignore_ament_install']
[1.053s] Level 1:colcon.colcon_core.package_identification:_identify(/home/ori/Universal_Robotics_ROS2_Interface) by extension 'ignore'
[1.053s] Level 1:colcon.colcon_core.package_identification:_identify(/home/ori/Universal_Robotics_ROS2_Interface) by extension 'ignore_ament_install'
[1.053s] Level 1:colcon.colcon_core.package_identification:_identify(/home/ori/Universal_Robotics_ROS2_Interface) by extensions ['colcon_pkg']
[1.053s] Level 1:colcon.colcon_core.package_identification:_identify(/home/ori/Universal_Robotics_ROS2_Interface) by extension 'colcon_pkg'
[1.053s] Level 1:colcon.colcon_core.package_identification:_identify(/home/ori/Universal_Robotics_ROS2_Interface) by extensions ['colcon_meta']
[1.053s] Level 1:colcon.colcon_core.package_identification:_identify(/home/ori/Universal_Robotics_ROS2_Interface) by extension 'colcon_meta'
[1.053s] Level 1:colcon.colcon_core.package_identification:_identify(/home/ori/Universal_Robotics_ROS2_Interface) by extensions ['ros']
[1.053s] Level 1:colcon.colcon_core.package_identification:_identify(/home/ori/Universal_Robotics_ROS2_Interface) by extension 'ros'
[1.061s] Level 1:colcon.colcon_core.package_identification:_identify(/home/ori/Universal_Robotics_ROS2_Interface) by extensions ['cmake', 'python']
[1.061s] Level 1:colcon.colcon_core.package_identification:_identify(/home/ori/Universal_Robotics_ROS2_Interface) by extension 'cmake'
[1.061s] Level 1:colcon.colcon_core.package_identification:_identify(/home/ori/Universal_Robotics_ROS2_Interface) by extension 'python'
[1.061s] Level 1:colcon.colcon_core.package_identification:_identify(/home/ori/Universal_Robotics_ROS2_Interface) by extensions ['python_setup_py']
[1.061s] Level 1:colcon.colcon_core.package_identification:_identify(/home/ori/Universal_Robotics_ROS2_Interface) by extension 'python_setup_py'
[1.061s] Level 1:colcon.colcon_core.package_identification:_identify(/home/ori/Universal_Robotics_ROS2_Interface/log) by extensions ['ignore', 'ignore_ament_install']
[1.061s] Level 1:colcon.colcon_core.package_identification:_identify(/home/ori/Universal_Robotics_ROS2_Interface/log) by extension 'ignore'
[1.061s] Level 1:colcon.colcon_core.package_identification:_identify(/home/ori/Universal_Robotics_ROS2_Interface/log) ignored
[1.061s] Level 1:colcon.colcon_core.package_identification:_identify(/home/ori/Universal_Robotics_ROS2_Interface/src) by extensions ['ignore', 'ignore_ament_install']
[1.061s] Level 1:colcon.colcon_core.package_identification:_identify(/home/ori/Universal_Robotics_ROS2_Interface/src) by extension 'ignore'
[1.061s] Level 1:colcon.colcon_core.package_identification:_identify(/home/ori/Universal_Robotics_ROS2_Interface/src) by extension 'ignore_ament_install'
[1.061s] Level 1:colcon.colcon_core.package_identification:_identify(/home/ori/Universal_Robotics_ROS2_Interface/src) by extensions ['colcon_pkg']
[1.061s] Level 1:colcon.colcon_core.package_identification:_identify(/home/ori/Universal_Robotics_ROS2_Interface/src) by extension 'colcon_pkg'
[1.061s] Level 1:colcon.colcon_core.package_identification:_identify(/home/ori/Universal_Robotics_ROS2_Interface/src) by extensions ['colcon_meta']
[1.061s] Level 1:colcon.colcon_core.package_identification:_identify(/home/ori/Universal_Robotics_ROS2_Interface/src) by extension 'colcon_meta'
[1.061s] Level 1:colcon.colcon_core.package_identification:_identify(/home/ori/Universal_Robotics_ROS2_Interface/src) by extensions ['ros']
[1.061s] Level 1:colcon.colcon_core.package_identification:_identify(/home/ori/Universal_Robotics_ROS2_Interface/src) by extension 'ros'
[1.061s] Level 1:colcon.colcon_core.package_identification:_identify(/home/ori/Universal_Robotics_ROS2_Interface/src) by extensions ['cmake', 'python']
[1.061s] Level 1:colcon.colcon_core.package_identification:_identify(/home/ori/Universal_Robotics_ROS2_Interface/src) by extension 'cmake'
[1.061s] Level 1:colcon.colcon_core.package_identification:_identify(/home/ori/Universal_Robotics_ROS2_Interface/src) by extension 'python'
[1.061s] Level 1:colcon.colcon_core.package_identification:_identify(/home/ori/Universal_Robotics_ROS2_Interface/src) by extensions ['python_setup_py']
[1.061s] Level 1:colcon.colcon_core.package_identification:_identify(/home/ori/Universal_Robotics_ROS2_Interface/src) by extension 'python_setup_py'
[1.061s] Level 1:colcon.colcon_core.package_identification:_identify(/home/ori/Universal_Robotics_ROS2_Interface/src/move_ur1) by extensions ['ignore', 'ignore_ament_install']
[1.062s] Level 1:colcon.colcon_core.package_identification:_identify(/home/ori/Universal_Robotics_ROS2_Interface/src/move_ur1) by extension 'ignore'
[1.062s] Level 1:colcon.colcon_core.package_identification:_identify(/home/ori/Universal_Robotics_ROS2_Interface/src/move_ur1) by extension 'ignore_ament_install'
[1.062s] Level 1:colcon.colcon_core.package_identification:_identify(/home/ori/Universal_Robotics_ROS2_Interface/src/move_ur1) by extensions ['colcon_pkg']
[1.062s] Level 1:colcon.colcon_core.package_identification:_identify(/home/ori/Universal_Robotics_ROS2_Interface/src/move_ur1) by extension 'colcon_pkg'
[1.062s] Level 1:colcon.colcon_core.package_identification:_identify(/home/ori/Universal_Robotics_ROS2_Interface/src/move_ur1) by extensions ['colcon_meta']
[1.062s] Level 1:colcon.colcon_core.package_identification:_identify(/home/ori/Universal_Robotics_ROS2_Interface/src/move_ur1) by extension 'colcon_meta'
[1.062s] Level 1:colcon.colcon_core.package_identification:_identify(/home/ori/Universal_Robotics_ROS2_Interface/src/move_ur1) by extensions ['ros']
[1.062s] Level 1:colcon.colcon_core.package_identification:_identify(/home/ori/Universal_Robotics_ROS2_Interface/src/move_ur1) by extension 'ros'
[1.064s] DEBUG:colcon.colcon_core.package_identification:Package '/home/ori/Universal_Robotics_ROS2_Interface/src/move_ur1' with type 'ros.ament_python' and name 'move_ur1'
[1.064s] Level 1:colcon.colcon_core.package_discovery:discover_packages(recursive) using defaults
